D:\DROPBOX\CV\MICHELEERMACORACODEEXAMPLE\CODEEXAMPLE\CODEEXAMPLE\RELEASE\CPRISONER.OBJ
D:\DROPBOX\CV\MICHELEERMACORACODEEXAMPLE\CODEEXAMPLE\CODEEXAMPLE\RELEASE\CGUARD.OBJ
D:\DROPBOX\CV\MICHELEERMACORACODEEXAMPLE\CODEEXAMPLE\CODEEXAMPLE\RELEASE\CAPLAYER.OBJ
D:\DROPBOX\CV\MICHELEERMACORACODEEXAMPLE\CODEEXAMPLE\CODEEXAMPLE\RELEASE\NODESSHAREDFUNCTIONS.OBJ
D:\DROPBOX\CV\MICHELEERMACORACODEEXAMPLE\CODEEXAMPLE\CODEEXAMPLE\RELEASE\CMCTSNODEPRISONER.OBJ
D:\DROPBOX\CV\MICHELEERMACORACODEEXAMPLE\CODEEXAMPLE\CODEEXAMPLE\RELEASE\CMCTSNODEGUARD.OBJ
D:\DROPBOX\CV\MICHELEERMACORACODEEXAMPLE\CODEEXAMPLE\CODEEXAMPLE\RELEASE\MAIN.OBJ
D:\DROPBOX\CV\MICHELEERMACORACODEEXAMPLE\CODEEXAMPLE\CODEEXAMPLE\RELEASE\CGAMEFIELD.OBJ
D:\DROPBOX\CV\MICHELEERMACORACODEEXAMPLE\CODEEXAMPLE\CODEEXAMPLE\RELEASE\CGAME.OBJ
D:\DROPBOX\CV\MICHELEERMACORACODEEXAMPLE\CODEEXAMPLE\CODEEXAMPLE\RELEASE\VC110.PDB
D:\DROPBOX\CV\MICHELEERMACORACODEEXAMPLE\CODEEXAMPLE\RELEASE\CODEEXAMPLE.EXE
D:\DROPBOX\CV\MICHELEERMACORACODEEXAMPLE\CODEEXAMPLE\RELEASE\CODEEXAMPLE.PDB
D:\DropBox\CV\MicheleErmacoraCodeExample\CodeExample\CodeExample\Release\CAPlayer.obj
D:\DropBox\CV\MicheleErmacoraCodeExample\CodeExample\CodeExample\Release\CGame.obj
D:\DropBox\CV\MicheleErmacoraCodeExample\CodeExample\CodeExample\Release\CGameField.obj
D:\DropBox\CV\MicheleErmacoraCodeExample\CodeExample\CodeExample\Release\CGuard.obj
D:\DropBox\CV\MicheleErmacoraCodeExample\CodeExample\CodeExample\Release\CMCTSNodeGuard.obj
D:\DropBox\CV\MicheleErmacoraCodeExample\CodeExample\CodeExample\Release\CMCTSNodePrisoner.obj
D:\DropBox\CV\MicheleErmacoraCodeExample\CodeExample\CodeExample\Release\CPrisoner.obj
D:\DropBox\CV\MicheleErmacoraCodeExample\CodeExample\CodeExample\Release\Main.obj
D:\DropBox\CV\MicheleErmacoraCodeExample\CodeExample\CodeExample\Release\NodesSharedFunctions.obj
D:\DropBox\CV\MicheleErmacoraCodeExample\CodeExample\CodeExample\Release\cl.command.1.tlog
D:\DropBox\CV\MicheleErmacoraCodeExample\CodeExample\CodeExample\Release\CL.read.1.tlog
D:\DropBox\CV\MicheleErmacoraCodeExample\CodeExample\CodeExample\Release\CL.write.1.tlog
D:\DropBox\CV\MicheleErmacoraCodeExample\CodeExample\CodeExample\Release\link-cvtres.read.1.tlog
D:\DropBox\CV\MicheleErmacoraCodeExample\CodeExample\CodeExample\Release\link-cvtres.write.1.tlog
D:\DropBox\CV\MicheleErmacoraCodeExample\CodeExample\CodeExample\Release\link-rc.read.1.tlog
D:\DropBox\CV\MicheleErmacoraCodeExample\CodeExample\CodeExample\Release\link-rc.write.1.tlog
D:\DropBox\CV\MicheleErmacoraCodeExample\CodeExample\CodeExample\Release\link.command.1.tlog
D:\DropBox\CV\MicheleErmacoraCodeExample\CodeExample\CodeExample\Release\link.read.1.tlog
D:\DropBox\CV\MicheleErmacoraCodeExample\CodeExample\CodeExample\Release\link.write.1.tlog
D:\DropBox\CV\MicheleErmacoraCodeExample\CodeExample\CodeExample\Release\vc110.pdb
D:\DropBox\CV\MicheleErmacoraCodeExample\CodeExample\Release\CodeExample.pdb
D:\DropBox\CV\MicheleErmacoraCodeExample\CodeExample\Release\CodeExample.exe
